<?xml version="1.0" encoding="UTF-8"?>
<!-- Generated by org.testng.reporters.JUnitXMLReporter -->
<testsuite ignored="0" hostname="PSDLAP376" failures="0" tests="5" name="Default test" time="60.444" errors="0" timestamp="2025-02-14T17:12:41 IST">
  <testcase classname="test.BlogTest" name="TC01_Blog_Tab" time="0.084"/>
  <testcase classname="test.BlogTest" name="TC02_Blog_Tab" time="4.276"/>
  <testcase classname="test.BlogTest" name="TC03_Blog_Tab" time="2.659"/>
  <testcase classname="test.BlogTest" name="TC04_Blog_Tab" time="3.158"/>
  <testcase classname="test.BlogTest" name="TC05_Blog_Tab" time="7.501"/>
</testsuite> <!-- Default test -->
