<?xml version="1.0" encoding="UTF-8"?>
<!-- Generated by org.testng.reporters.JUnitXMLReporter -->
<testsuite ignored="21" hostname="PSDLAP376" failures="0" tests="1" name="Default test" time="8.376" errors="0" timestamp="2024-12-20T11:38:57 IST">
  <testcase classname="test.BlogTest" name="TC01_Blog_Tab" time="0.089"/>
  <testcase classname="test.BlogTest" name="TC13_Blog_Tab" time="0.0">
    <ignored/>
  </testcase> <!-- TC13_Blog_Tab -->
  <testcase classname="test.BlogTest" name="TC04_Blog_Tab" time="0.0">
    <ignored/>
  </testcase> <!-- TC04_Blog_Tab -->
  <testcase classname="test.BlogTest" name="TC22_Blog_Tab" time="0.0">
    <ignored/>
  </testcase> <!-- TC22_Blog_Tab -->
  <testcase classname="test.BlogTest" name="TC08_Blog_Tab" time="0.0">
    <ignored/>
  </testcase> <!-- TC08_Blog_Tab -->
  <testcase classname="test.BlogTest" name="TC06_Blog_Tab" time="0.0">
    <ignored/>
  </testcase> <!-- TC06_Blog_Tab -->
  <testcase classname="test.BlogTest" name="TC07_Blog_Tab" time="0.0">
    <ignored/>
  </testcase> <!-- TC07_Blog_Tab -->
  <testcase classname="test.BlogTest" name="TC17_Blog_Tab" time="0.0">
    <ignored/>
  </testcase> <!-- TC17_Blog_Tab -->
  <testcase classname="test.BlogTest" name="TC14_Blog_Tab" time="0.0">
    <ignored/>
  </testcase> <!-- TC14_Blog_Tab -->
  <testcase classname="test.BlogTest" name="TC09_Blog_Tab" time="0.0">
    <ignored/>
  </testcase> <!-- TC09_Blog_Tab -->
  <testcase classname="test.BlogTest" name="TC010_Blog_Tab" time="0.0">
    <ignored/>
  </testcase> <!-- TC010_Blog_Tab -->
  <testcase classname="test.BlogTest" name="TC19_Blog_Tab" time="0.0">
    <ignored/>
  </testcase> <!-- TC19_Blog_Tab -->
  <testcase classname="test.BlogTest" name="TC20_Blog_Tab" time="0.0">
    <ignored/>
  </testcase> <!-- TC20_Blog_Tab -->
  <testcase classname="test.BlogTest" name="TC12_Blog_Tab" time="0.0">
    <ignored/>
  </testcase> <!-- TC12_Blog_Tab -->
  <testcase classname="test.BlogTest" name="TC21_Blog_Tab" time="0.0">
    <ignored/>
  </testcase> <!-- TC21_Blog_Tab -->
  <testcase classname="test.BlogTest" name="TC11_Blog_Tab" time="0.0">
    <ignored/>
  </testcase> <!-- TC11_Blog_Tab -->
  <testcase classname="test.BlogTest" name="TC15_Blog_Tab" time="0.0">
    <ignored/>
  </testcase> <!-- TC15_Blog_Tab -->
  <testcase classname="test.BlogTest" name="TC02_Blog_Tab" time="0.0">
    <ignored/>
  </testcase> <!-- TC02_Blog_Tab -->
  <testcase classname="test.BlogTest" name="TC03_Blog_Tab" time="0.0">
    <ignored/>
  </testcase> <!-- TC03_Blog_Tab -->
  <testcase classname="test.BlogTest" name="TC16_Blog_Tab" time="0.0">
    <ignored/>
  </testcase> <!-- TC16_Blog_Tab -->
  <testcase classname="test.BlogTest" name="TC05_Blog_Tab" time="0.0">
    <ignored/>
  </testcase> <!-- TC05_Blog_Tab -->
  <testcase classname="test.BlogTest" name="TC18_Blog_Tab" time="0.0">
    <ignored/>
  </testcase> <!-- TC18_Blog_Tab -->
</testsuite> <!-- Default test -->
