<?xml version="1.0" encoding="UTF-8"?>
<!-- Generated by org.testng.reporters.JUnitXMLReporter -->
<testsuite ignored="0" hostname="PSDLAP376" failures="0" tests="12" name="Test" time="233.438" errors="0" timestamp="2025-02-20T10:41:55 IST">
  <testcase classname="test.CaseStudiesTab_Test" name="caseStudiesText_Tab_TC_01" time="4.213"/>
  <testcase classname="test.CaseStudiesTab_Test" name="caseStudies_Tab_TC_02" time="3.372"/>
  <testcase classname="test.CaseStudiesTab_Test" name="featuredCaseText_TC_03" time="3.859"/>
  <testcase classname="test.CaseStudiesTab_Test" name="Major_Insurance_TC_04" time="8.85"/>
  <testcase classname="test.CaseStudiesTab_Test" name="Major_Insurance_TC_05" time="11.954"/>
  <testcase classname="test.CaseStudiesTab_Test" name="StrategicMove_TC_06" time="9.423"/>
  <testcase classname="test.CaseStudiesTab_Test" name="ConvenianceSaving_TC_07" time="10.376"/>
  <testcase classname="test.CaseStudiesTab_Test" name="PrivateTrust_TC_08" time="11.038"/>
  <testcase classname="test.CaseStudiesTab_Test" name="OnlinePlatform_TC_09" time="10.973"/>
  <testcase classname="test.CaseStudiesTab_Test" name="Delevering_Enterprise_TC_10" time="11.202"/>
  <testcase classname="test.CaseStudiesTab_Test" name="Bringing_Premium_TC_11" time="10.274"/>
  <testcase classname="test.CaseStudiesTab_Test" name="Building_Optimizing_TC_12" time="6.914"/>
</testsuite> <!-- Test -->
