<?xml version="1.0" encoding="UTF-8"?>
<!-- Generated by org.testng.reporters.JUnitXMLReporter -->
<testsuite ignored="0" hostname="PSDLAP376" failures="0" tests="91" name="Test" time="1578.015" errors="0" timestamp="2024-12-18T16:06:09 IST">
  <testcase classname="test.BlogTest" name="TC01_Blog_Tab" time="0.079"/>
  <testcase classname="test.BlogTest" name="TC02_Blog_Tab" time="3.384"/>
  <testcase classname="test.BlogTest" name="TC03_Blog_Tab" time="3.517">
    <skipped/>
  </testcase> <!-- TC03_Blog_Tab -->
  <testcase classname="test.BlogTest" name="TC03_Blog_Tab" time="3.406"/>
  <testcase classname="test.BlogTest" name="TC04_Blog_Tab" time="3.869"/>
  <testcase classname="test.BlogTest" name="TC05_Blog_Tab" time="9.21"/>
  <testcase classname="test.BlogTest" name="TC06_Blog_Tab" time="7.892"/>
  <testcase classname="test.BlogTest" name="TC07_Blog_Tab" time="3.04"/>
  <testcase classname="test.BlogTest" name="TC08_Blog_Tab" time="7.408"/>
  <testcase classname="test.BlogTest" name="TC09_Blog_Tab" time="3.167"/>
  <testcase classname="test.BlogTest" name="TC010_Blog_Tab" time="7.682"/>
  <testcase classname="test.BlogTest" name="TC11_Blog_Tab" time="3.389"/>
  <testcase classname="test.BlogTest" name="TC12_Blog_Tab" time="8.357"/>
  <testcase classname="test.BlogTest" name="TC13_Blog_Tab" time="3.38"/>
  <testcase classname="test.BlogTest" name="TC14_Blog_Tab" time="7.032"/>
  <testcase classname="test.BlogTest" name="TC15_Blog_Tab" time="3.484"/>
  <testcase classname="test.BlogTest" name="TC16_Blog_Tab" time="7.676"/>
  <testcase classname="test.BlogTest" name="TC17_Blog_Tab" time="3.484"/>
  <testcase classname="test.BlogTest" name="TC18_Blog_Tab" time="7.533"/>
  <testcase classname="test.BlogTest" name="TC19_Blog_Tab" time="3.549"/>
  <testcase classname="test.BlogTest" name="TC20_Blog_Tab" time="7.894"/>
  <testcase classname="test.BlogTest" name="TC21_Blog_Tab" time="7.311"/>
  <testcase classname="test.BlogTest" name="TC22_Blog_Tab" time="4.777"/>
  <testcase classname="test.CaseStudiesTab_Test" name="caseStudiesText_Tab_TC_01" time="4.252"/>
  <testcase classname="test.CaseStudiesTab_Test" name="caseStudies_Tab_TC_02" time="3.018"/>
  <testcase classname="test.CaseStudiesTab_Test" name="featuredCaseText_TC_03" time="2.947"/>
  <testcase classname="test.CaseStudiesTab_Test" name="Major_Insurance_TC_04" time="7.172"/>
  <testcase classname="test.CaseStudiesTab_Test" name="Major_Insurance_TC_05" time="9.561"/>
  <testcase classname="test.CaseStudiesTab_Test" name="StrategicMove_TC_06" time="10.354"/>
  <testcase classname="test.CaseStudiesTab_Test" name="ConvenianceSaving_TC_07" time="9.815"/>
  <testcase classname="test.CaseStudiesTab_Test" name="PrivateTrust_TC_08" time="9.882"/>
  <testcase classname="test.CaseStudiesTab_Test" name="OnlinePlatform_TC_09" time="9.211"/>
  <testcase classname="test.CaseStudiesTab_Test" name="Delevering_Enterprise_TC_10" time="10.445"/>
  <testcase classname="test.CaseStudiesTab_Test" name="Bringing_Premium_TC_11" time="9.926"/>
  <testcase classname="test.CaseStudiesTab_Test" name="Building_Optimizing_TC_12" time="10.824"/>
  <testcase classname="test.Company_Test" name="TC01_Company_Tab" time="4.858"/>
  <testcase classname="test.Company_Test" name="TC02_Company_Tab" time="9.495"/>
  <testcase classname="test.Company_Test" name="TC03_Company_Tab" time="8.935"/>
  <testcase classname="test.Company_Test" name="TC04_Company_Tab" time="8.307"/>
  <testcase classname="test.Company_Test" name="TC05_Company_Tab" time="3.412"/>
  <testcase classname="test.Company_Test" name="TC06_Company_Tab" time="8.558"/>
  <testcase classname="test.Company_Test" name="TC07_Company_Tab" time="8.102"/>
  <testcase classname="test.Company_Test" name="TC08_Company_Tab" time="7.78"/>
  <testcase classname="test.Company_Test" name="TC09_Company_Tab" time="3.765"/>
  <testcase classname="test.Company_Test" name="TC10_Company_Tab" time="7.829"/>
  <testcase classname="test.Company_Test" name="TC11_Company_Tab" time="7.768"/>
  <testcase classname="test.Company_Test" name="TC12_Company_Tab" time="4.532"/>
  <testcase classname="test.Company_Test" name="TC13_Company_Tab" time="5.81"/>
  <testcase classname="test.Company_Test" name="TC14_Company_Tab" time="6.857"/>
  <testcase classname="test.Company_Test" name="TC15_Company_Tab" time="8.041"/>
  <testcase classname="test.Company_Test" name="TC16_Company_Tab" time="10.997"/>
  <testcase classname="test.Company_Test" name="TC17_Company_Tab" time="3.661"/>
  <testcase classname="test.Company_Test" name="TC18_Company_Tab" time="5.116"/>
  <testcase classname="test.Company_Test" name="TC19_Company_Tab" time="7.353"/>
  <testcase classname="test.Company_Test" name="TC20_Company_Tab" time="3.775"/>
  <testcase classname="test.Company_Test" name="TC21_Company_Tab" time="7.461"/>
  <testcase classname="test.Company_Test" name="TC22_Company_Tab" time="4.251"/>
  <testcase classname="test.Company_Test" name="TC23_Company_Tab" time="7.457"/>
  <testcase classname="test.Company_Test" name="TC24_Company_Tab" time="5.291"/>
  <testcase classname="test.SolutionTab_Test" name="solution_Tab_TC_01" time="0.224"/>
  <testcase classname="test.SolutionTab_Test" name="Managed_services_TC_02" time="4.109"/>
  <testcase classname="test.SolutionTab_Test" name="IT_ConsultancyAndAdvisoy_TC_03" time="3.211"/>
  <testcase classname="test.SolutionTab_Test" name="CyberSecurity_TC_04" time="3.831"/>
  <testcase classname="test.SolutionTab_Test" name="WebDevelopment_TC_05" time="3.967"/>
  <testcase classname="test.SolutionTab_Test" name="MobileDevelopment_TC_06" time="3.88"/>
  <testcase classname="test.SolutionTab_Test" name="CloudServices_TC_07" time="3.754"/>
  <testcase classname="test.SolutionTab_Test" name="DigitalTransformation_TC_08" time="4.803"/>
  <testcase classname="test.SolutionTab_Test" name="Security_TC_09" time="4.074"/>
  <testcase classname="test.SolutionTab_Test" name="Automation_TC_10" time="4.053"/>
  <testcase classname="test.SolutionTab_Test" name="Gaining_Efficiency_TC_11" time="3.307"/>
  <testcase classname="test.SolutionTab_Test" name="Industry_Manufacturing_12" time="4.876"/>
  <testcase classname="test.SolutionTab_Test" name="Transportation_TC_13" time="3.297"/>
  <testcase classname="test.SolutionTab_Test" name="Healthcare_TC_14" time="5.095"/>
  <testcase classname="test.SolutionTab_Test" name="BankAndInsurance_TC_15" time="4.137"/>
  <testcase classname="test.SolutionTab_Test" name="CounsultingProvider_TC_16" time="4.93"/>
  <testcase classname="test.SolutionTab_Test" name="NonProfit_TC_17" time="2.832"/>
  <testcase classname="test.SolutionTab_Test" name="NonProfit_TC_18" time="4.162"/>
  <testcase classname="test.SolutionTab_Test" name="CallUs_TC_19" time="3.488"/>
  <testcase classname="test.SolutionTab_Test" name="nftLearnMore_TC_20" time="6.627"/>
  <testcase classname="test.IndustryTest" name="TC110_Industry_Tab" time="3.039"/>
  <testcase classname="test.IndustryTest" name="TC111_Industry_Tab" time="6.728"/>
  <testcase classname="test.IndustryTest" name="TC112_Industry_Tab" time="4.07"/>
  <testcase classname="test.IndustryTest" name="TC113_Industry_Tab" time="7.806"/>
  <testcase classname="test.IndustryTest" name="TC114_Industry_Tab" time="7.091"/>
  <testcase classname="test.IndustryTest" name="TC115_Industry_Tab" time="7.507"/>
  <testcase classname="test.IndustryTest" name="TC116_Industry_Tab" time="7.66"/>
  <testcase classname="test.IndustryTest" name="TC117_Industry_Tab" time="7.229"/>
  <testcase classname="test.IndustryTest" name="TC118_Industry_Tab" time="7.168"/>
  <testcase classname="test.IndustryTest" name="TC119_Industry_Tab" time="6.827"/>
  <testcase classname="test.IndustryTest" name="TC120_Industry_Tab" time="7.978"/>
  <testcase classname="test.IndustryTest" name="TC121_Industry_Tab" time="7.772"/>
</testsuite> <!-- Test -->
