<?xml version="1.0" encoding="UTF-8"?>
<!-- Generated by org.testng.reporters.JUnitXMLReporter -->
<testsuite ignored="0" hostname="PSDLAP376" failures="0" tests="22" name="Test" time="353.16" errors="0" timestamp="2025-02-14T16:06:36 IST">
  <testcase classname="test.BlogTest" name="TC01_Blog_Tab" time="0.083"/>
  <testcase classname="test.BlogTest" name="TC02_Blog_Tab" time="4.452"/>
  <testcase classname="test.BlogTest" name="TC03_Blog_Tab" time="2.767"/>
  <testcase classname="test.BlogTest" name="TC04_Blog_Tab" time="2.704"/>
  <testcase classname="test.BlogTest" name="TC05_Blog_Tab" time="7.823"/>
  <testcase classname="test.BlogTest" name="TC06_Blog_Tab" time="6.643"/>
  <testcase classname="test.BlogTest" name="TC07_Blog_Tab" time="3.461"/>
  <testcase classname="test.BlogTest" name="TC08_Blog_Tab" time="6.941"/>
  <testcase classname="test.BlogTest" name="TC09_Blog_Tab" time="3.276"/>
  <testcase classname="test.BlogTest" name="TC010_Blog_Tab" time="6.883"/>
  <testcase classname="test.BlogTest" name="TC11_Blog_Tab" time="3.235"/>
  <testcase classname="test.BlogTest" name="TC12_Blog_Tab" time="7.145"/>
  <testcase classname="test.BlogTest" name="TC13_Blog_Tab" time="3.264"/>
  <testcase classname="test.BlogTest" name="TC14_Blog_Tab" time="7.252"/>
  <testcase classname="test.BlogTest" name="TC15_Blog_Tab" time="3.51"/>
  <testcase classname="test.BlogTest" name="TC16_Blog_Tab" time="7.693"/>
  <testcase classname="test.BlogTest" name="TC17_Blog_Tab" time="2.6"/>
  <testcase classname="test.BlogTest" name="TC18_Blog_Tab" time="7.183"/>
  <testcase classname="test.BlogTest" name="TC19_Blog_Tab" time="3.453"/>
  <testcase classname="test.BlogTest" name="TC20_Blog_Tab" time="7.599"/>
  <testcase classname="test.BlogTest" name="TC21_Blog_Tab" time="6.666"/>
  <testcase classname="test.BlogTest" name="TC22_Blog_Tab" time="3.998"/>
</testsuite> <!-- Test -->
