<?xml version="1.0" encoding="UTF-8"?>
<testng-results ignored="0" total="3" passed="3" failed="0" skipped="0">
  <reporter-output>
  </reporter-output>
  <suite started-at="2025-02-18T17:47:27 IST" name="Suite" finished-at="2025-02-18T17:48:23 IST" duration-ms="56363">
    <groups>
    </groups>
    <test started-at="2025-02-18T17:47:27 IST" name="Test" finished-at="2025-02-18T17:48:23 IST" duration-ms="56363">
      <class name="test.BlogTest">
        <test-method is-config="true" signature="setup()[pri:0, instance:test.BlogTest@1a6d8329]" started-at="2025-02-18T17:47:27 IST" name="setup" finished-at="2025-02-18T17:47:48 IST" duration-ms="21189" status="PASS">
          <reporter-output>
          </reporter-output>
        </test-method> <!-- setup -->
        <test-method signature="TC01_TC02_Blog_Tab()[pri:1, instance:test.BlogTest@1a6d8329]" started-at="2025-02-18T17:47:48 IST" name="TC01_TC02_Blog_Tab" finished-at="2025-02-18T17:48:00 IST" duration-ms="12562" status="PASS">
          <reporter-output>
          </reporter-output>
        </test-method> <!-- TC01_TC02_Blog_Tab -->
        <test-method is-config="true" signature="afterMethod()[pri:0, instance:test.BlogTest@1a6d8329]" started-at="2025-02-18T17:48:00 IST" name="afterMethod" finished-at="2025-02-18T17:48:05 IST" duration-ms="4389" status="PASS">
          <reporter-output>
          </reporter-output>
        </test-method> <!-- afterMethod -->
        <test-method is-config="true" signature="setup()[pri:0, instance:test.BlogTest@1a6d8329]" started-at="2025-02-18T17:48:05 IST" name="setup" finished-at="2025-02-18T17:48:10 IST" duration-ms="5601" status="PASS">
          <reporter-output>
          </reporter-output>
        </test-method> <!-- setup -->
        <test-method signature="test1()[pri:2, instance:test.BlogTest@1a6d8329]" started-at="2025-02-18T17:48:10 IST" name="test1" finished-at="2025-02-18T17:48:10 IST" duration-ms="1" status="PASS">
          <reporter-output>
          </reporter-output>
        </test-method> <!-- test1 -->
        <test-method is-config="true" signature="afterMethod()[pri:0, instance:test.BlogTest@1a6d8329]" started-at="2025-02-18T17:48:10 IST" name="afterMethod" finished-at="2025-02-18T17:48:15 IST" duration-ms="4176" status="PASS">
          <reporter-output>
          </reporter-output>
        </test-method> <!-- afterMethod -->
        <test-method is-config="true" signature="setup()[pri:0, instance:test.BlogTest@1a6d8329]" started-at="2025-02-18T17:48:15 IST" name="setup" finished-at="2025-02-18T17:48:20 IST" duration-ms="5068" status="PASS">
          <reporter-output>
          </reporter-output>
        </test-method> <!-- setup -->
        <test-method signature="Test2()[pri:3, instance:test.BlogTest@1a6d8329]" started-at="2025-02-18T17:48:20 IST" name="Test2" finished-at="2025-02-18T17:48:20 IST" duration-ms="1" status="PASS">
          <reporter-output>
          </reporter-output>
        </test-method> <!-- Test2 -->
        <test-method is-config="true" signature="afterMethod()[pri:0, instance:test.BlogTest@1a6d8329]" started-at="2025-02-18T17:48:20 IST" name="afterMethod" finished-at="2025-02-18T17:48:23 IST" duration-ms="3301" status="PASS">
          <reporter-output>
          </reporter-output>
        </test-method> <!-- afterMethod -->
      </class> <!-- test.BlogTest -->
    </test> <!-- Test -->
  </suite> <!-- Suite -->
</testng-results>
