<?xml version="1.0" encoding="UTF-8"?>
<testng-results ignored="0" total="1" passed="1" failed="0" skipped="0">
  <reporter-output>
  </reporter-output>
  <suite started-at="2024-12-20T11:38:49 IST" name="Default suite" finished-at="2024-12-20T11:38:57 IST" duration-ms="8376">
    <groups>
    </groups>
    <test started-at="2024-12-20T11:38:49 IST" name="Default test" finished-at="2024-12-20T11:38:57 IST" duration-ms="8376">
      <class name="test.BlogTest">
        <test-method is-config="true" signature="setup()[pri:0, instance:test.BlogTest@350aac89]" started-at="2024-12-20T11:38:49 IST" name="setup" finished-at="2024-12-20T11:38:57 IST" duration-ms="8235" status="PASS">
          <reporter-output>
          </reporter-output>
        </test-method> <!-- setup -->
        <test-method signature="TC01_Blog_Tab()[pri:1, instance:test.BlogTest@350aac89]" started-at="2024-12-20T11:38:57 IST" name="TC01_Blog_Tab" finished-at="2024-12-20T11:38:57 IST" duration-ms="89" status="PASS">
          <reporter-output>
          </reporter-output>
        </test-method> <!-- TC01_Blog_Tab -->
      </class> <!-- test.BlogTest -->
    </test> <!-- Default test -->
  </suite> <!-- Default suite -->
</testng-results>
