<?xml version="1.0" encoding="UTF-8"?>
<testng-results ignored="0" total="5" passed="5" failed="0" skipped="0">
  <reporter-output>
  </reporter-output>
  <suite started-at="2025-02-14T17:11:40 IST" name="Default suite" finished-at="2025-02-14T17:12:41 IST" duration-ms="60444">
    <groups>
    </groups>
    <test started-at="2025-02-14T17:11:40 IST" name="Default test" finished-at="2025-02-14T17:12:41 IST" duration-ms="60444">
      <class name="test.BlogTest">
        <test-method is-config="true" signature="setup()[pri:0, instance:test.BlogTest@3b0fe47a]" started-at="2025-02-14T17:11:40 IST" name="setup" finished-at="2025-02-14T17:11:46 IST" duration-ms="6040" status="PASS">
          <reporter-output>
          </reporter-output>
        </test-method> <!-- setup -->
        <test-method signature="TC01_Blog_Tab()[pri:1, instance:test.BlogTest@3b0fe47a]" started-at="2025-02-14T17:11:46 IST" name="TC01_Blog_Tab" finished-at="2025-02-14T17:11:46 IST" duration-ms="84" status="PASS">
          <reporter-output>
          </reporter-output>
        </test-method> <!-- TC01_Blog_Tab -->
        <test-method is-config="true" signature="afterMethod()[pri:0, instance:test.BlogTest@3b0fe47a]" started-at="2025-02-14T17:11:46 IST" name="afterMethod" finished-at="2025-02-14T17:11:49 IST" duration-ms="2598" status="PASS">
          <reporter-output>
          </reporter-output>
        </test-method> <!-- afterMethod -->
        <test-method is-config="true" signature="setup()[pri:0, instance:test.BlogTest@3b0fe47a]" started-at="2025-02-14T17:11:49 IST" name="setup" finished-at="2025-02-14T17:11:54 IST" duration-ms="5145" status="PASS">
          <reporter-output>
          </reporter-output>
        </test-method> <!-- setup -->
        <test-method signature="TC02_Blog_Tab()[pri:2, instance:test.BlogTest@3b0fe47a]" started-at="2025-02-14T17:11:54 IST" name="TC02_Blog_Tab" finished-at="2025-02-14T17:11:58 IST" duration-ms="4276" status="PASS">
          <reporter-output>
          </reporter-output>
        </test-method> <!-- TC02_Blog_Tab -->
        <test-method is-config="true" signature="afterMethod()[pri:0, instance:test.BlogTest@3b0fe47a]" started-at="2025-02-14T17:11:58 IST" name="afterMethod" finished-at="2025-02-14T17:12:01 IST" duration-ms="2642" status="PASS">
          <reporter-output>
          </reporter-output>
        </test-method> <!-- afterMethod -->
        <test-method is-config="true" signature="setup()[pri:0, instance:test.BlogTest@3b0fe47a]" started-at="2025-02-14T17:12:01 IST" name="setup" finished-at="2025-02-14T17:12:06 IST" duration-ms="5427" status="PASS">
          <reporter-output>
          </reporter-output>
        </test-method> <!-- setup -->
        <test-method signature="TC03_Blog_Tab()[pri:3, instance:test.BlogTest@3b0fe47a]" started-at="2025-02-14T17:12:06 IST" name="TC03_Blog_Tab" finished-at="2025-02-14T17:12:09 IST" duration-ms="2659" status="PASS">
          <reporter-output>
          </reporter-output>
        </test-method> <!-- TC03_Blog_Tab -->
        <test-method is-config="true" signature="afterMethod()[pri:0, instance:test.BlogTest@3b0fe47a]" started-at="2025-02-14T17:12:09 IST" name="afterMethod" finished-at="2025-02-14T17:12:12 IST" duration-ms="2587" status="PASS">
          <reporter-output>
          </reporter-output>
        </test-method> <!-- afterMethod -->
        <test-method is-config="true" signature="setup()[pri:0, instance:test.BlogTest@3b0fe47a]" started-at="2025-02-14T17:12:12 IST" name="setup" finished-at="2025-02-14T17:12:17 IST" duration-ms="5497" status="PASS">
          <reporter-output>
          </reporter-output>
        </test-method> <!-- setup -->
        <test-method signature="TC04_Blog_Tab()[pri:4, instance:test.BlogTest@3b0fe47a]" started-at="2025-02-14T17:12:17 IST" name="TC04_Blog_Tab" finished-at="2025-02-14T17:12:20 IST" duration-ms="3158" status="PASS">
          <reporter-output>
          </reporter-output>
        </test-method> <!-- TC04_Blog_Tab -->
        <test-method is-config="true" signature="afterMethod()[pri:0, instance:test.BlogTest@3b0fe47a]" started-at="2025-02-14T17:12:20 IST" name="afterMethod" finished-at="2025-02-14T17:12:23 IST" duration-ms="2629" status="PASS">
          <reporter-output>
          </reporter-output>
        </test-method> <!-- afterMethod -->
        <test-method is-config="true" signature="setup()[pri:0, instance:test.BlogTest@3b0fe47a]" started-at="2025-02-14T17:12:23 IST" name="setup" finished-at="2025-02-14T17:12:30 IST" duration-ms="7370" status="PASS">
          <reporter-output>
          </reporter-output>
        </test-method> <!-- setup -->
        <test-method signature="TC05_Blog_Tab()[pri:5, instance:test.BlogTest@3b0fe47a]" started-at="2025-02-14T17:12:30 IST" name="TC05_Blog_Tab" finished-at="2025-02-14T17:12:38 IST" duration-ms="7501" status="PASS">
          <reporter-output>
          </reporter-output>
        </test-method> <!-- TC05_Blog_Tab -->
        <test-method is-config="true" signature="afterMethod()[pri:0, instance:test.BlogTest@3b0fe47a]" started-at="2025-02-14T17:12:38 IST" name="afterMethod" finished-at="2025-02-14T17:12:41 IST" duration-ms="2778" status="PASS">
          <reporter-output>
          </reporter-output>
        </test-method> <!-- afterMethod -->
      </class> <!-- test.BlogTest -->
    </test> <!-- Default test -->
  </suite> <!-- Default suite -->
</testng-results>
