<?xml version="1.0" encoding="UTF-8"?>
<testng-results ignored="0" total="14" passed="14" failed="0" skipped="0">
  <reporter-output>
  </reporter-output>
  <suite started-at="2025-02-14T16:29:04 IST" name="Suite" finished-at="2025-02-14T16:32:34 IST" duration-ms="209402">
    <groups>
    </groups>
    <test started-at="2025-02-14T16:29:04 IST" name="Test" finished-at="2025-02-14T16:32:34 IST" duration-ms="209402">
      <class name="test.BlogTest">
        <test-method is-config="true" signature="setup()[pri:0, instance:test.BlogTest@663c9e7a]" started-at="2025-02-14T16:29:04 IST" name="setup" finished-at="2025-02-14T16:29:12 IST" duration-ms="7110" status="PASS">
          <reporter-output>
          </reporter-output>
        </test-method> <!-- setup -->
        <test-method signature="TC01_Blog_Tab()[pri:1, instance:test.BlogTest@663c9e7a]" started-at="2025-02-14T16:29:12 IST" name="TC01_Blog_Tab" finished-at="2025-02-14T16:29:12 IST" duration-ms="96" status="PASS">
          <reporter-output>
          </reporter-output>
        </test-method> <!-- TC01_Blog_Tab -->
        <test-method is-config="true" signature="afterMethod()[pri:0, instance:test.BlogTest@663c9e7a]" started-at="2025-02-14T16:29:12 IST" name="afterMethod" finished-at="2025-02-14T16:29:16 IST" duration-ms="4221" status="PASS">
          <reporter-output>
          </reporter-output>
        </test-method> <!-- afterMethod -->
        <test-method is-config="true" signature="setup()[pri:0, instance:test.BlogTest@663c9e7a]" started-at="2025-02-14T16:29:16 IST" name="setup" finished-at="2025-02-14T16:29:22 IST" duration-ms="5866" status="PASS">
          <reporter-output>
          </reporter-output>
        </test-method> <!-- setup -->
        <test-method signature="TC02_Blog_Tab()[pri:2, instance:test.BlogTest@663c9e7a]" started-at="2025-02-14T16:29:22 IST" name="TC02_Blog_Tab" finished-at="2025-02-14T16:29:24 IST" duration-ms="2725" status="PASS">
          <reporter-output>
          </reporter-output>
        </test-method> <!-- TC02_Blog_Tab -->
        <test-method is-config="true" signature="afterMethod()[pri:0, instance:test.BlogTest@663c9e7a]" started-at="2025-02-14T16:29:24 IST" name="afterMethod" finished-at="2025-02-14T16:29:29 IST" duration-ms="4297" status="PASS">
          <reporter-output>
          </reporter-output>
        </test-method> <!-- afterMethod -->
        <test-method is-config="true" signature="setup()[pri:0, instance:test.BlogTest@663c9e7a]" started-at="2025-02-14T16:29:29 IST" name="setup" finished-at="2025-02-14T16:29:35 IST" duration-ms="6161" status="PASS">
          <reporter-output>
          </reporter-output>
        </test-method> <!-- setup -->
        <test-method signature="TC03_Blog_Tab()[pri:3, instance:test.BlogTest@663c9e7a]" started-at="2025-02-14T16:29:35 IST" name="TC03_Blog_Tab" finished-at="2025-02-14T16:29:38 IST" duration-ms="2980" status="PASS">
          <reporter-output>
          </reporter-output>
        </test-method> <!-- TC03_Blog_Tab -->
        <test-method is-config="true" signature="afterMethod()[pri:0, instance:test.BlogTest@663c9e7a]" started-at="2025-02-14T16:29:38 IST" name="afterMethod" finished-at="2025-02-14T16:29:42 IST" duration-ms="4298" status="PASS">
          <reporter-output>
          </reporter-output>
        </test-method> <!-- afterMethod -->
        <test-method is-config="true" signature="setup()[pri:0, instance:test.BlogTest@663c9e7a]" started-at="2025-02-14T16:29:42 IST" name="setup" finished-at="2025-02-14T16:29:48 IST" duration-ms="6190" status="PASS">
          <reporter-output>
          </reporter-output>
        </test-method> <!-- setup -->
        <test-method signature="TC04_Blog_Tab()[pri:4, instance:test.BlogTest@663c9e7a]" started-at="2025-02-14T16:29:48 IST" name="TC04_Blog_Tab" finished-at="2025-02-14T16:29:52 IST" duration-ms="3746" status="PASS">
          <reporter-output>
          </reporter-output>
        </test-method> <!-- TC04_Blog_Tab -->
        <test-method is-config="true" signature="afterMethod()[pri:0, instance:test.BlogTest@663c9e7a]" started-at="2025-02-14T16:29:52 IST" name="afterMethod" finished-at="2025-02-14T16:29:56 IST" duration-ms="4310" status="PASS">
          <reporter-output>
          </reporter-output>
        </test-method> <!-- afterMethod -->
        <test-method is-config="true" signature="setup()[pri:0, instance:test.BlogTest@663c9e7a]" started-at="2025-02-14T16:29:56 IST" name="setup" finished-at="2025-02-14T16:30:03 IST" duration-ms="6111" status="PASS">
          <reporter-output>
          </reporter-output>
        </test-method> <!-- setup -->
        <test-method signature="TC05_Blog_Tab()[pri:5, instance:test.BlogTest@663c9e7a]" started-at="2025-02-14T16:30:03 IST" name="TC05_Blog_Tab" finished-at="2025-02-14T16:30:09 IST" duration-ms="6621" status="PASS">
          <reporter-output>
          </reporter-output>
        </test-method> <!-- TC05_Blog_Tab -->
        <test-method is-config="true" signature="afterMethod()[pri:0, instance:test.BlogTest@663c9e7a]" started-at="2025-02-14T16:30:09 IST" name="afterMethod" finished-at="2025-02-14T16:30:14 IST" duration-ms="4345" status="PASS">
          <reporter-output>
          </reporter-output>
        </test-method> <!-- afterMethod -->
        <test-method is-config="true" signature="setup()[pri:0, instance:test.BlogTest@663c9e7a]" started-at="2025-02-14T16:30:14 IST" name="setup" finished-at="2025-02-14T16:30:20 IST" duration-ms="6101" status="PASS">
          <reporter-output>
          </reporter-output>
        </test-method> <!-- setup -->
        <test-method signature="TC06_Blog_Tab()[pri:6, instance:test.BlogTest@663c9e7a]" started-at="2025-02-14T16:30:20 IST" name="TC06_Blog_Tab" finished-at="2025-02-14T16:30:26 IST" duration-ms="6844" status="PASS">
          <reporter-output>
          </reporter-output>
        </test-method> <!-- TC06_Blog_Tab -->
        <test-method is-config="true" signature="afterMethod()[pri:0, instance:test.BlogTest@663c9e7a]" started-at="2025-02-14T16:30:26 IST" name="afterMethod" finished-at="2025-02-14T16:30:31 IST" duration-ms="4385" status="PASS">
          <reporter-output>
          </reporter-output>
        </test-method> <!-- afterMethod -->
        <test-method is-config="true" signature="setup()[pri:0, instance:test.BlogTest@663c9e7a]" started-at="2025-02-14T16:30:31 IST" name="setup" finished-at="2025-02-14T16:30:37 IST" duration-ms="6082" status="PASS">
          <reporter-output>
          </reporter-output>
        </test-method> <!-- setup -->
        <test-method signature="TC07_Blog_Tab()[pri:7, instance:test.BlogTest@663c9e7a]" started-at="2025-02-14T16:30:37 IST" name="TC07_Blog_Tab" finished-at="2025-02-14T16:30:40 IST" duration-ms="2913" status="PASS">
          <reporter-output>
          </reporter-output>
        </test-method> <!-- TC07_Blog_Tab -->
        <test-method is-config="true" signature="afterMethod()[pri:0, instance:test.BlogTest@663c9e7a]" started-at="2025-02-14T16:30:40 IST" name="afterMethod" finished-at="2025-02-14T16:30:44 IST" duration-ms="4241" status="PASS">
          <reporter-output>
          </reporter-output>
        </test-method> <!-- afterMethod -->
        <test-method is-config="true" signature="setup()[pri:0, instance:test.BlogTest@663c9e7a]" started-at="2025-02-14T16:30:44 IST" name="setup" finished-at="2025-02-14T16:30:50 IST" duration-ms="6125" status="PASS">
          <reporter-output>
          </reporter-output>
        </test-method> <!-- setup -->
        <test-method signature="TC08_Blog_Tab()[pri:8, instance:test.BlogTest@663c9e7a]" started-at="2025-02-14T16:30:50 IST" name="TC08_Blog_Tab" finished-at="2025-02-14T16:30:57 IST" duration-ms="6721" status="PASS">
          <reporter-output>
          </reporter-output>
        </test-method> <!-- TC08_Blog_Tab -->
        <test-method is-config="true" signature="afterMethod()[pri:0, instance:test.BlogTest@663c9e7a]" started-at="2025-02-14T16:30:57 IST" name="afterMethod" finished-at="2025-02-14T16:31:01 IST" duration-ms="4381" status="PASS">
          <reporter-output>
          </reporter-output>
        </test-method> <!-- afterMethod -->
        <test-method is-config="true" signature="setup()[pri:0, instance:test.BlogTest@663c9e7a]" started-at="2025-02-14T16:31:01 IST" name="setup" finished-at="2025-02-14T16:31:07 IST" duration-ms="6155" status="PASS">
          <reporter-output>
          </reporter-output>
        </test-method> <!-- setup -->
        <test-method signature="TC09_Blog_Tab()[pri:9, instance:test.BlogTest@663c9e7a]" started-at="2025-02-14T16:31:07 IST" name="TC09_Blog_Tab" finished-at="2025-02-14T16:31:10 IST" duration-ms="2782" status="PASS">
          <reporter-output>
          </reporter-output>
        </test-method> <!-- TC09_Blog_Tab -->
        <test-method is-config="true" signature="afterMethod()[pri:0, instance:test.BlogTest@663c9e7a]" started-at="2025-02-14T16:31:10 IST" name="afterMethod" finished-at="2025-02-14T16:31:15 IST" duration-ms="4300" status="PASS">
          <reporter-output>
          </reporter-output>
        </test-method> <!-- afterMethod -->
        <test-method is-config="true" signature="setup()[pri:0, instance:test.BlogTest@663c9e7a]" started-at="2025-02-14T16:31:15 IST" name="setup" finished-at="2025-02-14T16:31:21 IST" duration-ms="6589" status="PASS">
          <reporter-output>
          </reporter-output>
        </test-method> <!-- setup -->
        <test-method signature="TC010_Blog_Tab()[pri:10, instance:test.BlogTest@663c9e7a]" started-at="2025-02-14T16:31:21 IST" name="TC010_Blog_Tab" finished-at="2025-02-14T16:31:28 IST" duration-ms="7004" status="PASS">
          <reporter-output>
          </reporter-output>
        </test-method> <!-- TC010_Blog_Tab -->
        <test-method is-config="true" signature="afterMethod()[pri:0, instance:test.BlogTest@663c9e7a]" started-at="2025-02-14T16:31:28 IST" name="afterMethod" finished-at="2025-02-14T16:31:32 IST" duration-ms="4085" status="PASS">
          <reporter-output>
          </reporter-output>
        </test-method> <!-- afterMethod -->
      </class> <!-- test.BlogTest -->
      <class name="test.CaseStudiesTab_Test">
        <test-method is-config="true" signature="setup()[pri:0, instance:test.CaseStudiesTab_Test@451001e5]" started-at="2025-02-14T16:31:32 IST" name="setup" finished-at="2025-02-14T16:31:39 IST" duration-ms="6310" status="PASS">
          <reporter-output>
          </reporter-output>
        </test-method> <!-- setup -->
        <test-method is-config="true" signature="setUp()[pri:0, instance:test.CaseStudiesTab_Test@451001e5]" started-at="2025-02-14T16:31:39 IST" name="setUp" finished-at="2025-02-14T16:31:39 IST" duration-ms="4" status="PASS">
          <reporter-output>
          </reporter-output>
        </test-method> <!-- setUp -->
        <test-method signature="caseStudiesText_Tab_TC_01()[pri:1, instance:test.CaseStudiesTab_Test@451001e5]" started-at="2025-02-14T16:31:39 IST" name="caseStudiesText_Tab_TC_01" finished-at="2025-02-14T16:31:44 IST" duration-ms="5398" status="PASS">
          <reporter-output>
          </reporter-output>
        </test-method> <!-- caseStudiesText_Tab_TC_01 -->
        <test-method is-config="true" signature="afterMethod()[pri:0, instance:test.CaseStudiesTab_Test@451001e5]" started-at="2025-02-14T16:31:44 IST" name="afterMethod" finished-at="2025-02-14T16:31:48 IST" duration-ms="4437" status="PASS">
          <reporter-output>
          </reporter-output>
        </test-method> <!-- afterMethod -->
        <test-method is-config="true" signature="setup()[pri:0, instance:test.CaseStudiesTab_Test@451001e5]" started-at="2025-02-14T16:31:48 IST" name="setup" finished-at="2025-02-14T16:31:54 IST" duration-ms="5975" status="PASS">
          <reporter-output>
          </reporter-output>
        </test-method> <!-- setup -->
        <test-method is-config="true" signature="setUp()[pri:0, instance:test.CaseStudiesTab_Test@451001e5]" started-at="2025-02-14T16:31:54 IST" name="setUp" finished-at="2025-02-14T16:31:54 IST" duration-ms="1" status="PASS">
          <reporter-output>
          </reporter-output>
        </test-method> <!-- setUp -->
        <test-method signature="caseStudies_Tab_TC_02()[pri:2, instance:test.CaseStudiesTab_Test@451001e5]" started-at="2025-02-14T16:31:54 IST" name="caseStudies_Tab_TC_02" finished-at="2025-02-14T16:31:57 IST" duration-ms="2782" status="PASS">
          <reporter-output>
          </reporter-output>
        </test-method> <!-- caseStudies_Tab_TC_02 -->
        <test-method is-config="true" signature="afterMethod()[pri:0, instance:test.CaseStudiesTab_Test@451001e5]" started-at="2025-02-14T16:31:57 IST" name="afterMethod" finished-at="2025-02-14T16:32:02 IST" duration-ms="4338" status="PASS">
          <reporter-output>
          </reporter-output>
        </test-method> <!-- afterMethod -->
        <test-method is-config="true" signature="setup()[pri:0, instance:test.CaseStudiesTab_Test@451001e5]" started-at="2025-02-14T16:32:02 IST" name="setup" finished-at="2025-02-14T16:32:07 IST" duration-ms="5844" status="PASS">
          <reporter-output>
          </reporter-output>
        </test-method> <!-- setup -->
        <test-method is-config="true" signature="setUp()[pri:0, instance:test.CaseStudiesTab_Test@451001e5]" started-at="2025-02-14T16:32:07 IST" name="setUp" finished-at="2025-02-14T16:32:07 IST" duration-ms="1" status="PASS">
          <reporter-output>
          </reporter-output>
        </test-method> <!-- setUp -->
        <test-method signature="featuredCaseText_TC_03()[pri:3, instance:test.CaseStudiesTab_Test@451001e5]" started-at="2025-02-14T16:32:07 IST" name="featuredCaseText_TC_03" finished-at="2025-02-14T16:32:11 IST" duration-ms="3424" status="PASS">
          <reporter-output>
          </reporter-output>
        </test-method> <!-- featuredCaseText_TC_03 -->
        <test-method is-config="true" signature="afterMethod()[pri:0, instance:test.CaseStudiesTab_Test@451001e5]" started-at="2025-02-14T16:32:11 IST" name="afterMethod" finished-at="2025-02-14T16:32:15 IST" duration-ms="4451" status="PASS">
          <reporter-output>
          </reporter-output>
        </test-method> <!-- afterMethod -->
        <test-method is-config="true" signature="setup()[pri:0, instance:test.CaseStudiesTab_Test@451001e5]" started-at="2025-02-14T16:32:15 IST" name="setup" finished-at="2025-02-14T16:32:21 IST" duration-ms="6007" status="PASS">
          <reporter-output>
          </reporter-output>
        </test-method> <!-- setup -->
        <test-method is-config="true" signature="setUp()[pri:0, instance:test.CaseStudiesTab_Test@451001e5]" started-at="2025-02-14T16:32:21 IST" name="setUp" finished-at="2025-02-14T16:32:21 IST" duration-ms="1" status="PASS">
          <reporter-output>
          </reporter-output>
        </test-method> <!-- setUp -->
        <test-method signature="Major_Insurance_TC_04()[pri:4, instance:test.CaseStudiesTab_Test@451001e5]" started-at="2025-02-14T16:32:21 IST" name="Major_Insurance_TC_04" finished-at="2025-02-14T16:32:29 IST" duration-ms="8190" status="PASS">
          <reporter-output>
          </reporter-output>
        </test-method> <!-- Major_Insurance_TC_04 -->
        <test-method is-config="true" signature="afterMethod()[pri:0, instance:test.CaseStudiesTab_Test@451001e5]" started-at="2025-02-14T16:32:29 IST" name="afterMethod" finished-at="2025-02-14T16:32:34 IST" duration-ms="4272" status="PASS">
          <reporter-output>
          </reporter-output>
        </test-method> <!-- afterMethod -->
      </class> <!-- test.CaseStudiesTab_Test -->
    </test> <!-- Test -->
  </suite> <!-- Suite -->
</testng-results>
