<?xml version="1.0" encoding="UTF-8"?>
<testng-results ignored="0" total="10" passed="10" failed="0" skipped="0">
  <reporter-output>
  </reporter-output>
  <suite started-at="2025-02-18T13:31:27 IST" name="Default suite" finished-at="2025-02-18T13:37:48 IST" duration-ms="381038">
    <groups>
    </groups>
    <test started-at="2025-02-18T13:31:27 IST" name="Default test" finished-at="2025-02-18T13:37:48 IST" duration-ms="381038">
      <class name="test.BlogTest">
        <test-method is-config="true" signature="setup()[pri:0, instance:test.BlogTest@7f485fda]" started-at="2025-02-18T13:31:27 IST" name="setup" finished-at="2025-02-18T13:32:48 IST" duration-ms="80745" status="PASS">
          <reporter-output>
          </reporter-output>
        </test-method> <!-- setup -->
        <test-method signature="TC01_TC02_Blog_Tab()[pri:1, instance:test.BlogTest@7f485fda]" started-at="2025-02-18T13:32:48 IST" name="TC01_TC02_Blog_Tab" finished-at="2025-02-18T13:33:55 IST" duration-ms="67108" status="PASS">
          <reporter-output>
          </reporter-output>
        </test-method> <!-- TC01_TC02_Blog_Tab -->
        <test-method is-config="true" signature="afterMethod()[pri:0, instance:test.BlogTest@7f485fda]" started-at="2025-02-18T13:33:55 IST" name="afterMethod" finished-at="2025-02-18T13:33:59 IST" duration-ms="4163" status="PASS">
          <reporter-output>
          </reporter-output>
        </test-method> <!-- afterMethod -->
        <test-method is-config="true" signature="setup()[pri:0, instance:test.BlogTest@7f485fda]" started-at="2025-02-18T13:33:59 IST" name="setup" finished-at="2025-02-18T13:34:27 IST" duration-ms="27723" status="PASS">
          <reporter-output>
          </reporter-output>
        </test-method> <!-- setup -->
        <test-method signature="TC03_Blog_Tab()[pri:2, instance:test.BlogTest@7f485fda]" started-at="2025-02-18T13:34:27 IST" name="TC03_Blog_Tab" finished-at="2025-02-18T13:35:32 IST" duration-ms="65569" status="PASS">
          <reporter-output>
          </reporter-output>
        </test-method> <!-- TC03_Blog_Tab -->
        <test-method is-config="true" signature="afterMethod()[pri:0, instance:test.BlogTest@7f485fda]" started-at="2025-02-18T13:35:32 IST" name="afterMethod" finished-at="2025-02-18T13:35:37 IST" duration-ms="4381" status="PASS">
          <reporter-output>
          </reporter-output>
        </test-method> <!-- afterMethod -->
        <test-method is-config="true" signature="setup()[pri:0, instance:test.BlogTest@7f485fda]" started-at="2025-02-18T13:35:37 IST" name="setup" finished-at="2025-02-18T13:35:45 IST" duration-ms="8419" status="PASS">
          <reporter-output>
          </reporter-output>
        </test-method> <!-- setup -->
        <test-method signature="TC04_Blog_Tab()[pri:3, instance:test.BlogTest@7f485fda]" started-at="2025-02-18T13:35:45 IST" name="TC04_Blog_Tab" finished-at="2025-02-18T13:35:48 IST" duration-ms="2772" status="PASS">
          <reporter-output>
          </reporter-output>
        </test-method> <!-- TC04_Blog_Tab -->
        <test-method is-config="true" signature="afterMethod()[pri:0, instance:test.BlogTest@7f485fda]" started-at="2025-02-18T13:35:48 IST" name="afterMethod" finished-at="2025-02-18T13:35:52 IST" duration-ms="4169" status="PASS">
          <reporter-output>
          </reporter-output>
        </test-method> <!-- afterMethod -->
        <test-method is-config="true" signature="setup()[pri:0, instance:test.BlogTest@7f485fda]" started-at="2025-02-18T13:35:52 IST" name="setup" finished-at="2025-02-18T13:35:59 IST" duration-ms="6579" status="PASS">
          <reporter-output>
          </reporter-output>
        </test-method> <!-- setup -->
        <test-method signature="TC05_Blog_Tab()[pri:4, instance:test.BlogTest@7f485fda]" started-at="2025-02-18T13:35:59 IST" name="TC05_Blog_Tab" finished-at="2025-02-18T13:36:08 IST" duration-ms="8679" status="PASS">
          <reporter-output>
          </reporter-output>
        </test-method> <!-- TC05_Blog_Tab -->
        <test-method is-config="true" signature="afterMethod()[pri:0, instance:test.BlogTest@7f485fda]" started-at="2025-02-18T13:36:08 IST" name="afterMethod" finished-at="2025-02-18T13:36:12 IST" duration-ms="4348" status="PASS">
          <reporter-output>
          </reporter-output>
        </test-method> <!-- afterMethod -->
        <test-method is-config="true" signature="setup()[pri:0, instance:test.BlogTest@7f485fda]" started-at="2025-02-18T13:36:12 IST" name="setup" finished-at="2025-02-18T13:36:19 IST" duration-ms="6974" status="PASS">
          <reporter-output>
          </reporter-output>
        </test-method> <!-- setup -->
        <test-method signature="TC06_Blog_Tab()[pri:5, instance:test.BlogTest@7f485fda]" started-at="2025-02-18T13:36:19 IST" name="TC06_Blog_Tab" finished-at="2025-02-18T13:36:26 IST" duration-ms="7309" status="PASS">
          <reporter-output>
          </reporter-output>
        </test-method> <!-- TC06_Blog_Tab -->
        <test-method is-config="true" signature="afterMethod()[pri:0, instance:test.BlogTest@7f485fda]" started-at="2025-02-18T13:36:26 IST" name="afterMethod" finished-at="2025-02-18T13:36:30 IST" duration-ms="4045" status="PASS">
          <reporter-output>
          </reporter-output>
        </test-method> <!-- afterMethod -->
        <test-method is-config="true" signature="setup()[pri:0, instance:test.BlogTest@7f485fda]" started-at="2025-02-18T13:36:30 IST" name="setup" finished-at="2025-02-18T13:36:37 IST" duration-ms="6575" status="PASS">
          <reporter-output>
          </reporter-output>
        </test-method> <!-- setup -->
        <test-method signature="TC07_Blog_Tab()[pri:6, instance:test.BlogTest@7f485fda]" started-at="2025-02-18T13:36:37 IST" name="TC07_Blog_Tab" finished-at="2025-02-18T13:36:40 IST" duration-ms="3394" status="PASS">
          <reporter-output>
          </reporter-output>
        </test-method> <!-- TC07_Blog_Tab -->
        <test-method is-config="true" signature="afterMethod()[pri:0, instance:test.BlogTest@7f485fda]" started-at="2025-02-18T13:36:40 IST" name="afterMethod" finished-at="2025-02-18T13:36:44 IST" duration-ms="3986" status="PASS">
          <reporter-output>
          </reporter-output>
        </test-method> <!-- afterMethod -->
        <test-method is-config="true" signature="setup()[pri:0, instance:test.BlogTest@7f485fda]" started-at="2025-02-18T13:36:44 IST" name="setup" finished-at="2025-02-18T13:36:51 IST" duration-ms="6708" status="PASS">
          <reporter-output>
          </reporter-output>
        </test-method> <!-- setup -->
        <test-method signature="TC08_Blog_Tab()[pri:7, instance:test.BlogTest@7f485fda]" started-at="2025-02-18T13:36:51 IST" name="TC08_Blog_Tab" finished-at="2025-02-18T13:36:58 IST" duration-ms="6923" status="PASS">
          <reporter-output>
          </reporter-output>
        </test-method> <!-- TC08_Blog_Tab -->
        <test-method is-config="true" signature="afterMethod()[pri:0, instance:test.BlogTest@7f485fda]" started-at="2025-02-18T13:36:58 IST" name="afterMethod" finished-at="2025-02-18T13:37:02 IST" duration-ms="3984" status="PASS">
          <reporter-output>
          </reporter-output>
        </test-method> <!-- afterMethod -->
        <test-method is-config="true" signature="setup()[pri:0, instance:test.BlogTest@7f485fda]" started-at="2025-02-18T13:37:02 IST" name="setup" finished-at="2025-02-18T13:37:08 IST" duration-ms="6612" status="PASS">
          <reporter-output>
          </reporter-output>
        </test-method> <!-- setup -->
        <test-method signature="TC09_Blog_Tab()[pri:8, instance:test.BlogTest@7f485fda]" started-at="2025-02-18T13:37:08 IST" name="TC09_Blog_Tab" finished-at="2025-02-18T13:37:11 IST" duration-ms="2880" status="PASS">
          <reporter-output>
          </reporter-output>
        </test-method> <!-- TC09_Blog_Tab -->
        <test-method is-config="true" signature="afterMethod()[pri:0, instance:test.BlogTest@7f485fda]" started-at="2025-02-18T13:37:11 IST" name="afterMethod" finished-at="2025-02-18T13:37:15 IST" duration-ms="3982" status="PASS">
          <reporter-output>
          </reporter-output>
        </test-method> <!-- afterMethod -->
        <test-method is-config="true" signature="setup()[pri:0, instance:test.BlogTest@7f485fda]" started-at="2025-02-18T13:37:15 IST" name="setup" finished-at="2025-02-18T13:37:22 IST" duration-ms="6574" status="PASS">
          <reporter-output>
          </reporter-output>
        </test-method> <!-- setup -->
        <test-method signature="TC010_Blog_Tab()[pri:9, instance:test.BlogTest@7f485fda]" started-at="2025-02-18T13:37:22 IST" name="TC010_Blog_Tab" finished-at="2025-02-18T13:37:30 IST" duration-ms="7634" status="PASS">
          <reporter-output>
          </reporter-output>
        </test-method> <!-- TC010_Blog_Tab -->
        <test-method is-config="true" signature="afterMethod()[pri:0, instance:test.BlogTest@7f485fda]" started-at="2025-02-18T13:37:30 IST" name="afterMethod" finished-at="2025-02-18T13:37:34 IST" duration-ms="3975" status="PASS">
          <reporter-output>
          </reporter-output>
        </test-method> <!-- afterMethod -->
        <test-method is-config="true" signature="setup()[pri:0, instance:test.BlogTest@7f485fda]" started-at="2025-02-18T13:37:34 IST" name="setup" finished-at="2025-02-18T13:37:40 IST" duration-ms="6573" status="PASS">
          <reporter-output>
          </reporter-output>
        </test-method> <!-- setup -->
        <test-method signature="TC11_Blog_Tab()[pri:10, instance:test.BlogTest@7f485fda]" started-at="2025-02-18T13:37:40 IST" name="TC11_Blog_Tab" finished-at="2025-02-18T13:37:44 IST" duration-ms="4019" status="PASS">
          <reporter-output>
          </reporter-output>
        </test-method> <!-- TC11_Blog_Tab -->
        <test-method is-config="true" signature="afterMethod()[pri:0, instance:test.BlogTest@7f485fda]" started-at="2025-02-18T13:37:44 IST" name="afterMethod" finished-at="2025-02-18T13:37:48 IST" duration-ms="3950" status="PASS">
          <reporter-output>
          </reporter-output>
        </test-method> <!-- afterMethod -->
      </class> <!-- test.BlogTest -->
    </test> <!-- Default test -->
  </suite> <!-- Default suite -->
</testng-results>
